JibuNew/build/outputs/logs/manifest-merger-debug-report.txt
-- Merging decision tree log ---
manifest
ADDED from JibuNew\AndroidManifest.xml:2:1-303:12
	package
		ADDED from JibuNew\AndroidManifest.xml:3:5-27
	android:versionName
		ADDED from JibuNew\AndroidManifest.xml:5:5-32
		INJECTED from JibuNew\AndroidManifest.xml
		INJECTED from JibuNew\AndroidManifest.xml
	android:versionCode
		ADDED from JibuNew\AndroidManifest.xml:4:5-29
		INJECTED from JibuNew\AndroidManifest.xml
		INJECTED from JibuNew\AndroidManifest.xml
	xmlns:android
		ADDED from JibuNew\AndroidManifest.xml:2:11-69
uses-sdk
ADDED from JibuNew\AndroidManifest.xml:7:5-9:41
MERGED from [project.Android-PullToRefresh-master:library:unspecified] AndroidManifest.xml:7:5-43
	android:targetSdkVersion
		ADDED from JibuNew\AndroidManifest.xml:9:9-38
	android:minSdkVersion
		ADDED from JibuNew\AndroidManifest.xml:8:9-35
uses-permission#android.permission.RECEIVE_USER_PRESENT
ADDED from JibuNew\AndroidManifest.xml:11:5-79
	android:name
		ADDED from JibuNew\AndroidManifest.xml:11:22-76
uses-permission#android.permission.INTERNET
ADDED from JibuNew\AndroidManifest.xml:12:5-67
	android:name
		ADDED from JibuNew\AndroidManifest.xml:12:22-64
uses-permission#android.permission.WAKE_LOCK
ADDED from JibuNew\AndroidManifest.xml:13:5-68
	android:name
		ADDED from JibuNew\AndroidManifest.xml:13:22-65
uses-permission#android.permission.READ_PHONE_STATE
ADDED from JibuNew\AndroidManifest.xml:14:5-75
	android:name
		ADDED from JibuNew\AndroidManifest.xml:14:22-72
uses-permission#android.permission.WRITE_EXTERNAL_STORAGE
ADDED from JibuNew\AndroidManifest.xml:15:5-81
	android:name
		ADDED from JibuNew\AndroidManifest.xml:15:22-78
uses-permission#android.permission.READ_EXTERNAL_STORAGE
ADDED from JibuNew\AndroidManifest.xml:16:5-80
	android:name
		ADDED from JibuNew\AndroidManifest.xml:16:22-77
uses-permission#android.permission.WRITE_SETTINGS
ADDED from JibuNew\AndroidManifest.xml:17:5-73
	android:name
		ADDED from JibuNew\AndroidManifest.xml:17:22-70
uses-permission#android.permission.VIBRATE
ADDED from JibuNew\AndroidManifest.xml:18:5-66
	android:name
		ADDED from JibuNew\AndroidManifest.xml:18:22-63
uses-permission#android.permission.MOUNT_UNMOUNT_FILESYSTEMS
ADDED from JibuNew\AndroidManifest.xml:19:5-84
	android:name
		ADDED from JibuNew\AndroidManifest.xml:19:22-81
uses-permission#android.permission.ACCESS_NETWORK_STATE
ADDED from JibuNew\AndroidManifest.xml:20:5-79
	android:name
		ADDED from JibuNew\AndroidManifest.xml:20:22-76
uses-permission#android.permission.SYSTEM_ALERT_WINDOW
ADDED from JibuNew\AndroidManifest.xml:21:5-78
	android:name
		ADDED from JibuNew\AndroidManifest.xml:21:22-75
uses-permission#android.permission.ACCESS_COARSE_LOCATION
ADDED from JibuNew\AndroidManifest.xml:24:5-81
	android:name
		ADDED from JibuNew\AndroidManifest.xml:24:22-78
uses-permission#android.permission.ACCESS_WIFI_STATE
ADDED from JibuNew\AndroidManifest.xml:25:5-76
	android:name
		ADDED from JibuNew\AndroidManifest.xml:25:22-73
uses-permission#android.permission.CHANGE_WIFI_STATE
ADDED from JibuNew\AndroidManifest.xml:26:5-76
	android:name
		ADDED from JibuNew\AndroidManifest.xml:26:22-73
uses-permission#android.permission.ACCESS_LOCATION_EXTRA_COMMANDS
ADDED from JibuNew\AndroidManifest.xml:27:5-89
	android:name
		ADDED from JibuNew\AndroidManifest.xml:27:22-86
uses-permission#android.permission.CALL_PHONE
ADDED from JibuNew\AndroidManifest.xml:30:5-69
	android:name
		ADDED from JibuNew\AndroidManifest.xml:30:22-66
uses-permission#android.permission.GET_ACCOUNTS
ADDED from JibuNew\AndroidManifest.xml:37:5-71
	android:name
		ADDED from JibuNew\AndroidManifest.xml:37:22-68
uses-permission#android.permission.USE_CREDENTIALS
ADDED from JibuNew\AndroidManifest.xml:38:5-74
	android:name
		ADDED from JibuNew\AndroidManifest.xml:38:22-71
uses-permission#android.permission.MANAGE_ACCOUNTS
ADDED from JibuNew\AndroidManifest.xml:39:5-74
	android:name
		ADDED from JibuNew\AndroidManifest.xml:39:22-71
uses-permission#android.permission.AUTHENTICATE_ACCOUNTS
ADDED from JibuNew\AndroidManifest.xml:40:5-80
	android:name
		ADDED from JibuNew\AndroidManifest.xml:40:22-77
uses-permission#android.permission.CAMERA
ADDED from JibuNew\AndroidManifest.xml:41:5-65
	android:name
		ADDED from JibuNew\AndroidManifest.xml:41:22-62
uses-permission#android.permission.FLASHLIGHT
ADDED from JibuNew\AndroidManifest.xml:42:5-69
	android:name
		ADDED from JibuNew\AndroidManifest.xml:42:22-66
uses-permission#android.permission.GET_TASKS
ADDED from JibuNew\AndroidManifest.xml:44:5-68
	android:name
		ADDED from JibuNew\AndroidManifest.xml:44:22-65
uses-permission#android.permission.RECEIVE_BOOT_COMPLETED
ADDED from JibuNew\AndroidManifest.xml:45:2-78
	android:name
		ADDED from JibuNew\AndroidManifest.xml:45:19-75
uses-feature#android.hardware.bluetooth_le
ADDED from JibuNew\AndroidManifest.xml:46:5-89
	android:required
		ADDED from JibuNew\AndroidManifest.xml:46:64-87
	android:name
		ADDED from JibuNew\AndroidManifest.xml:46:19-63
uses-permission#android.permission.BLUETOOTH
ADDED from JibuNew\AndroidManifest.xml:48:5-68
	android:name
		ADDED from JibuNew\AndroidManifest.xml:48:22-65
uses-permission#android.permission.BLUETOOTH_ADMIN
ADDED from JibuNew\AndroidManifest.xml:49:5-74
	android:name
		ADDED from JibuNew\AndroidManifest.xml:49:22-71
uses-feature#android.hardware.camera
ADDED from JibuNew\AndroidManifest.xml:55:5-60
	android:name
		ADDED from JibuNew\AndroidManifest.xml:55:19-57
uses-feature#android.hardware.camera.autofocus
ADDED from JibuNew\AndroidManifest.xml:56:5-70
	android:name
		ADDED from JibuNew\AndroidManifest.xml:56:19-67
uses-feature#android.hardware.camera.flash
ADDED from JibuNew\AndroidManifest.xml:60:5-66
	android:name
		ADDED from JibuNew\AndroidManifest.xml:60:19-63
application
ADDED from JibuNew\AndroidManifest.xml:65:5-301:19
MERGED from [project.Android-PullToRefresh-master:library:unspecified] AndroidManifest.xml:9:5-20
	android:label
		ADDED from JibuNew\AndroidManifest.xml:69:9-41
	android:allowBackup
		ADDED from JibuNew\AndroidManifest.xml:67:9-35
	android:icon
		ADDED from JibuNew\AndroidManifest.xml:68:9-45
	android:theme
		ADDED from JibuNew\AndroidManifest.xml:70:9-40
	android:name
		ADDED from JibuNew\AndroidManifest.xml:66:9-57
activity#com.jibu.app.main.WelcomeActivity
ADDED from JibuNew\AndroidManifest.xml:72:9-80:20
	android:label
		ADDED from JibuNew\AndroidManifest.xml:74:13-45
	android:name
		ADDED from JibuNew\AndroidManifest.xml:73:13-61
intent-filter#android.intent.action.MAIN+android.intent.category.LAUNCHER
ADDED from JibuNew\AndroidManifest.xml:75:13-79:29
action#android.intent.action.MAIN
ADDED from JibuNew\AndroidManifest.xml:76:17-69
	android:name
		ADDED from JibuNew\AndroidManifest.xml:76:25-66
category#android.intent.category.LAUNCHER
ADDED from JibuNew\AndroidManifest.xml:78:17-77
	android:name
		ADDED from JibuNew\AndroidManifest.xml:78:27-74
activity#com.jibu.app.main.MainActivity
ADDED from JibuNew\AndroidManifest.xml:85:9-91:20
	android:screenOrientation
		ADDED from JibuNew\AndroidManifest.xml:88:13-49
	android:hardwareAccelerated
		ADDED from JibuNew\AndroidManifest.xml:90:13-47
	android:launchMode
		ADDED from JibuNew\AndroidManifest.xml:87:13-44
	android:windowSoftInputMode
		ADDED from JibuNew\AndroidManifest.xml:89:13-52
	android:name
		ADDED from JibuNew\AndroidManifest.xml:86:13-58
activity#com.jibu.app.main.ScanActivity
ADDED from JibuNew\AndroidManifest.xml:93:3-96:20
	android:screenOrientation
		ADDED from JibuNew\AndroidManifest.xml:95:13-49
	android:name
		ADDED from JibuNew\AndroidManifest.xml:94:13-58
activity#com.jibu.app.main.WaitingActivity
ADDED from JibuNew\AndroidManifest.xml:98:9-101:20
	android:screenOrientation
		ADDED from JibuNew\AndroidManifest.xml:100:13-49
	android:name
		ADDED from JibuNew\AndroidManifest.xml:99:13-61
activity#com.jibu.app.main.TongjiActivity
ADDED from JibuNew\AndroidManifest.xml:102:9-105:20
	android:screenOrientation
		ADDED from JibuNew\AndroidManifest.xml:104:13-49
	android:name
		ADDED from JibuNew\AndroidManifest.xml:103:13-60
activity#com.jibu.app.main.MoreActivity
ADDED from JibuNew\AndroidManifest.xml:106:9-109:20
	android:screenOrientation
		ADDED from JibuNew\AndroidManifest.xml:108:13-49
	android:name
		ADDED from JibuNew\AndroidManifest.xml:107:13-58
activity#com.jibu.app.login.LoginActivity
ADDED from JibuNew\AndroidManifest.xml:111:9-114:20
	android:screenOrientation
		ADDED from JibuNew\AndroidManifest.xml:113:13-49
	android:name
		ADDED from JibuNew\AndroidManifest.xml:112:13-60
activity#com.jibu.app.login.RegActivity
ADDED from JibuNew\AndroidManifest.xml:116:9-119:20
	android:screenOrientation
		ADDED from JibuNew\AndroidManifest.xml:118:13-49
	android:name
		ADDED from JibuNew\AndroidManifest.xml:117:13-58
activity#com.jibu.app.login.LoginAndRegActivity
ADDED from JibuNew\AndroidManifest.xml:120:9-123:20
	android:screenOrientation
		ADDED from JibuNew\AndroidManifest.xml:122:13-49
	android:name
		ADDED from JibuNew\AndroidManifest.xml:121:13-66
activity#com.jibu.app.login.ForgetActivity
ADDED from JibuNew\AndroidManifest.xml:124:9-127:20
	android:screenOrientation
		ADDED from JibuNew\AndroidManifest.xml:126:13-49
	android:name
		ADDED from JibuNew\AndroidManifest.xml:125:13-61
activity#com.jibu.app.user.BornActivity
ADDED from JibuNew\AndroidManifest.xml:129:9-132:20
	android:screenOrientation
		ADDED from JibuNew\AndroidManifest.xml:131:13-49
	android:name
		ADDED from JibuNew\AndroidManifest.xml:130:13-58
activity#com.jibu.app.user.HeightActivity
ADDED from JibuNew\AndroidManifest.xml:133:9-136:20
	android:screenOrientation
		ADDED from JibuNew\AndroidManifest.xml:135:13-49
	android:name
		ADDED from JibuNew\AndroidManifest.xml:134:13-60
activity#com.jibu.app.user.PersonalinforActivity
ADDED from JibuNew\AndroidManifest.xml:137:9-140:20
	android:screenOrientation
		ADDED from JibuNew\AndroidManifest.xml:139:13-49
	android:name
		ADDED from JibuNew\AndroidManifest.xml:138:13-67
activity#com.jibu.app.user.WaistlineActivity
ADDED from JibuNew\AndroidManifest.xml:141:9-144:20
	android:screenOrientation
		ADDED from JibuNew\AndroidManifest.xml:143:13-49
	android:name
		ADDED from JibuNew\AndroidManifest.xml:142:13-63
activity#com.jibu.app.user.WeightActivity
ADDED from JibuNew\AndroidManifest.xml:145:9-148:20
	android:screenOrientation
		ADDED from JibuNew\AndroidManifest.xml:147:13-49
	android:name
		ADDED from JibuNew\AndroidManifest.xml:146:13-60
activity#com.jibu.app.main.YaodaiActivity
ADDED from JibuNew\AndroidManifest.xml:149:9-152:20
	android:screenOrientation
		ADDED from JibuNew\AndroidManifest.xml:151:13-49
	android:name
		ADDED from JibuNew\AndroidManifest.xml:150:13-60
activity#com.jibu.app.main.FileSelectActivity
ADDED from JibuNew\AndroidManifest.xml:153:9-156:20
	android:screenOrientation
		ADDED from JibuNew\AndroidManifest.xml:155:13-49
	android:name
		ADDED from JibuNew\AndroidManifest.xml:154:13-64
activity#com.jibu.app.main.MyActivity
ADDED from JibuNew\AndroidManifest.xml:157:9-160:20
	android:screenOrientation
		ADDED from JibuNew\AndroidManifest.xml:159:13-49
	android:name
		ADDED from JibuNew\AndroidManifest.xml:158:13-56
activity#com.jibu.app.main.Tongji2Activity
ADDED from JibuNew\AndroidManifest.xml:161:9-164:20
	android:screenOrientation
		ADDED from JibuNew\AndroidManifest.xml:163:13-49
	android:name
		ADDED from JibuNew\AndroidManifest.xml:162:13-61
activity#com.jibu.app.main.StepSettingActivity
ADDED from JibuNew\AndroidManifest.xml:165:9-168:20
	android:screenOrientation
		ADDED from JibuNew\AndroidManifest.xml:167:13-49
	android:name
		ADDED from JibuNew\AndroidManifest.xml:166:13-65
activity#com.jibu.app.main.AboutusActivity
ADDED from JibuNew\AndroidManifest.xml:169:9-172:20
	android:screenOrientation
		ADDED from JibuNew\AndroidManifest.xml:171:13-49
	android:name
		ADDED from JibuNew\AndroidManifest.xml:170:13-61
activity#com.jibu.app.main.ShareActivity
ADDED from JibuNew\AndroidManifest.xml:173:9-176:25
	android:screenOrientation
		ADDED from JibuNew\AndroidManifest.xml:175:13-49
	android:name
		ADDED from JibuNew\AndroidManifest.xml:174:13-59
activity#com.jibu.app.main.SetupLongSitRemindActivity
ADDED from JibuNew\AndroidManifest.xml:177:9-180:25
	android:screenOrientation
		ADDED from JibuNew\AndroidManifest.xml:179:13-49
	android:name
		ADDED from JibuNew\AndroidManifest.xml:178:13-72
activity#com.jibu.app.main.TimePickerActivity
ADDED from JibuNew\AndroidManifest.xml:181:9-182:79
	android:theme
		ADDED from JibuNew\AndroidManifest.xml:182:13-67
	android:name
		ADDED from JibuNew\AndroidManifest.xml:181:19-70
service#com.veclink.hw.bleservice.VLBleService
ADDED from JibuNew\AndroidManifest.xml:183:10-185:38
	android:enabled
		ADDED from JibuNew\AndroidManifest.xml:185:13-35
	android:name
		ADDED from JibuNew\AndroidManifest.xml:184:13-66
service#com.veclink.healthy.photo.RecordService
ADDED from JibuNew\AndroidManifest.xml:186:9-188:37
	android:enabled
		ADDED from JibuNew\AndroidManifest.xml:188:13-35
	android:name
		ADDED from JibuNew\AndroidManifest.xml:187:13-67
activity#com.jibu.app.main.UpdateFirewareActivity
ADDED from JibuNew\AndroidManifest.xml:189:9-193:20
	android:screenOrientation
		ADDED from JibuNew\AndroidManifest.xml:191:13-49
	android:name
		ADDED from JibuNew\AndroidManifest.xml:190:13-68
activity#com.jibu.app.main.NoAlarmAreaActivity
ADDED from JibuNew\AndroidManifest.xml:195:9-199:20
	android:screenOrientation
		ADDED from JibuNew\AndroidManifest.xml:197:13-49
	android:name
		ADDED from JibuNew\AndroidManifest.xml:196:13-65
activity#com.umeng.socialize.view.ShareActivity
ADDED from JibuNew\AndroidManifest.xml:203:9-210:20
	android:launchMode
		ADDED from JibuNew\AndroidManifest.xml:206:13-44
	android:noHistory
		ADDED from JibuNew\AndroidManifest.xml:207:13-37
	android:windowSoftInputMode
		ADDED from JibuNew\AndroidManifest.xml:209:13-68
	android:configChanges
		ADDED from JibuNew\AndroidManifest.xml:205:13-57
	android:theme
		ADDED from JibuNew\AndroidManifest.xml:208:13-50
	android:name
		ADDED from JibuNew\AndroidManifest.xml:204:13-66
activity#com.tencent.tauth.AuthActivity
ADDED from JibuNew\AndroidManifest.xml:213:9-225:20
	android:launchMode
		ADDED from JibuNew\AndroidManifest.xml:215:13-44
	android:noHistory
		ADDED from JibuNew\AndroidManifest.xml:216:13-37
	android:name
		ADDED from JibuNew\AndroidManifest.xml:214:13-58
intent-filter#android.intent.action.VIEW+android.intent.category.BROWSABLE+android.intent.category.DEFAULT
ADDED from JibuNew\AndroidManifest.xml:217:13-224:29
action#android.intent.action.VIEW
ADDED from JibuNew\AndroidManifest.xml:218:17-69
	android:name
		ADDED from JibuNew\AndroidManifest.xml:218:25-66
category#android.intent.category.DEFAULT
ADDED from JibuNew\AndroidManifest.xml:220:17-76
	android:name
		ADDED from JibuNew\AndroidManifest.xml:220:27-73
category#android.intent.category.BROWSABLE
ADDED from JibuNew\AndroidManifest.xml:221:17-78
	android:name
		ADDED from JibuNew\AndroidManifest.xml:221:27-75
data
ADDED from JibuNew\AndroidManifest.xml:223:17-53
	android:scheme
		ADDED from JibuNew\AndroidManifest.xml:223:23-50
activity#com.tencent.connect.common.AssistActivity
ADDED from JibuNew\AndroidManifest.xml:226:9-229:20
	android:screenOrientation
		ADDED from JibuNew\AndroidManifest.xml:228:13-49
	android:theme
		ADDED from JibuNew\AndroidManifest.xml:227:13-72
	android:name
		ADDED from JibuNew\AndroidManifest.xml:226:19-75
activity#com.jibu.app.main.PersonalActivity
ADDED from JibuNew\AndroidManifest.xml:230:9-231:61
	android:screenOrientation
		ADDED from JibuNew\AndroidManifest.xml:231:13-49
	android:name
		ADDED from JibuNew\AndroidManifest.xml:230:19-68
activity#com.jibu.app.main.SelectXinRenWiFiActivity
ADDED from JibuNew\AndroidManifest.xml:232:9-233:61
	android:screenOrientation
		ADDED from JibuNew\AndroidManifest.xml:233:13-49
	android:name
		ADDED from JibuNew\AndroidManifest.xml:232:19-76
activity#com.jibu.app.wxapi.WXEntryActivity
ADDED from JibuNew\AndroidManifest.xml:235:3-240:46
	android:screenOrientation
		ADDED from JibuNew\AndroidManifest.xml:240:7-43
	android:exported
		ADDED from JibuNew\AndroidManifest.xml:239:7-30
	android:configChanges
		ADDED from JibuNew\AndroidManifest.xml:238:6-67
	android:theme
		ADDED from JibuNew\AndroidManifest.xml:237:6-65
	android:name
		ADDED from JibuNew\AndroidManifest.xml:236:7-56
meta-data#UMENG_APPKEY
ADDED from JibuNew\AndroidManifest.xml:245:9-254:21
	android:value
		ADDED from JibuNew\AndroidManifest.xml:250:17-57
	android:name
		ADDED from JibuNew\AndroidManifest.xml:246:13-40
meta-data#UMENG_CHANNEL
ADDED from JibuNew\AndroidManifest.xml:256:9-259:15
	android:value
		ADDED from JibuNew\AndroidManifest.xml:257:13-39
	android:name
		ADDED from JibuNew\AndroidManifest.xml:258:13-41
service#com.umeng.update.net.DownloadingService
ADDED from JibuNew\AndroidManifest.xml:262:6-265:13
	android:process
		ADDED from JibuNew\AndroidManifest.xml:264:7-44
	android:name
		ADDED from JibuNew\AndroidManifest.xml:263:7-61
activity#com.umeng.update.UpdateDialogActivity
ADDED from JibuNew\AndroidManifest.xml:266:3-269:14
	android:theme
		ADDED from JibuNew\AndroidManifest.xml:268:7-66
	android:name
		ADDED from JibuNew\AndroidManifest.xml:267:7-59
service#com.jibu.app.server.AutoSyncService
ADDED from JibuNew\AndroidManifest.xml:271:3-273:13
	android:name
		ADDED from JibuNew\AndroidManifest.xml:272:7-57
activity#com.jibu.app.main.AntiLostActivity
ADDED from JibuNew\AndroidManifest.xml:274:3-276:56
	android:screenOrientation
		ADDED from JibuNew\AndroidManifest.xml:276:7-43
	android:name
		ADDED from JibuNew\AndroidManifest.xml:275:7-56
service#com.jibu.app.server.AntiLostPhoneService
ADDED from JibuNew\AndroidManifest.xml:277:3-279:46
	android:enabled
		ADDED from JibuNew\AndroidManifest.xml:279:13-35
	android:name
		ADDED from JibuNew\AndroidManifest.xml:278:13-68
activity#com.jibu.app.user.NameActivity
ADDED from JibuNew\AndroidManifest.xml:280:3-282:56
	android:screenOrientation
		ADDED from JibuNew\AndroidManifest.xml:282:7-43
	android:name
		ADDED from JibuNew\AndroidManifest.xml:281:7-52
activity#com.jibu.app.main.CejuActivity
ADDED from JibuNew\AndroidManifest.xml:283:3-286:14
	android:screenOrientation
		ADDED from JibuNew\AndroidManifest.xml:285:7-43
	android:name
		ADDED from JibuNew\AndroidManifest.xml:284:7-52
activity#com.jibu.app.main.CejuHistoryActivity
ADDED from JibuNew\AndroidManifest.xml:288:3-292:14
	android:screenOrientation
		ADDED from JibuNew\AndroidManifest.xml:290:7-43
	android:name
		ADDED from JibuNew\AndroidManifest.xml:289:7-59
activity#com.jibu.app.main.SyncDataToYunActivity
ADDED from JibuNew\AndroidManifest.xml:294:3-296:55
	android:screenOrientation
		ADDED from JibuNew\AndroidManifest.xml:296:7-43
	android:name
		ADDED from JibuNew\AndroidManifest.xml:295:7-61
activity#com.jibu.app.main.SyncDataToYunActivity2
ADDED from JibuNew\AndroidManifest.xml:298:3-300:55
	android:screenOrientation
		ADDED from JibuNew\AndroidManifest.xml:300:7-43
	android:name
		ADDED from JibuNew\AndroidManifest.xml:299:7-62